#-----------------------------------------------------------
# Vivado v2020.2 (64-bit)
# SW Build 3064766 on Wed Nov 18 09:12:45 MST 2020
# IP Build 3064653 on Wed Nov 18 14:17:31 MST 2020
# Start of session at: Sun Mar 14 21:05:25 2021
# Process ID: 13888
# Current directory: E:/class/Master of ANU/6213_Digital Systems and Microprocessors/my_6213/lab2/overflow_clock_divider
# Command line: vivado.exe -gui_launcher_event rodinguilauncherevent15300 E:\class\Master of ANU\6213_Digital Systems and Microprocessors\my_6213\lab2\overflow_clock_divider\overflow_clock_divider.xpr
# Log file: E:/class/Master of ANU/6213_Digital Systems and Microprocessors/my_6213/lab2/overflow_clock_divider/vivado.log
# Journal file: E:/class/Master of ANU/6213_Digital Systems and Microprocessors/my_6213/lab2/overflow_clock_divider\vivado.jou
#-----------------------------------------------------------
start_gui
open_project {E:/class/Master of ANU/6213_Digital Systems and Microprocessors/my_6213/lab2/overflow_clock_divider/overflow_clock_divider.xpr}
INFO: [ProjectBase 1-489] The host OS only allows 260 characters in a normal path. The project is stored in a path with more than 80 characters. If you experience issues with IP, Block Designs, or files not being found, please consider moving the project to a location with a shorter path. Alternately consider using the OS subst command to map part of the path to a drive letter.
Current project path is 'E:/class/Master of ANU/6213_Digital Systems and Microprocessors/my_6213/lab2/overflow_clock_divider'
WARNING: [filemgmt 56-3] Default IP Output Path : Could not find the directory 'E:/class/Master of ANU/6213_Digital Systems and Microprocessors/my_6213/lab2/overflow_clock_divider/overflow_clock_divider.gen/sources_1'.
Scanning sources...
Finished scanning sources
INFO: [IP_Flow 19-234] Refreshing IP repositories
INFO: [IP_Flow 19-1704] No user IP repositories specified
INFO: [IP_Flow 19-2313] Loaded Vivado IP repository 'D:/Xilinx/Vivado/2020.2/data/ip'.
open_project: Time (s): cpu = 00:00:16 ; elapsed = 00:00:15 . Memory (MB): peak = 995.949 ; gain = 0.000
update_compile_order -fileset sources_1
exit
INFO: [Common 17-206] Exiting Vivado at Sun Mar 14 21:07:55 2021...
